<?xml version="1.0" encoding="UTF-8"?>
<testExecutions version="1">
  <file path="/Users/m.h@ibm.com/go/src/github.com/open-cluster-management/search-api/src/v2/lib/auth-middleware.test.js">
    <testCase name="Auth Middleware Sets kubeToken to Bearer localdev in development" duration="10"/>
  </file>
  <file path="/Users/m.h@ibm.com/go/src/github.com/open-cluster-management/search-api/src/v2/lib/rbacCaching.test.js">
    <testCase name="RBAC Caching Tests creation of rbac string for search queries" duration="67"/>
    <testCase name="RBAC Caching Test User Resources" duration="4"/>
  </file>
  <file path="/Users/m.h@ibm.com/go/src/github.com/open-cluster-management/search-api/src/v2/connectors/redisGraph.test.js">
    <testCase name="redisGraph Class Functions getOperator" duration="14"/>
    <testCase name="redisGraph Class Functions getFilterString" duration="2"/>
    <testCase name="redisGraph Class Functions getDateFilter" duration="4"/>
  </file>
  <file path="/Users/m.h@ibm.com/go/src/github.com/open-cluster-management/search-api/src/v2/lib/errors.test.js">
    <testCase name="Errors Test Authentication Error" duration="2"/>
    <testCase name="Errors Test Generic Error" duration="1"/>
    <testCase name="Errors Test Network Error" duration="1"/>
  </file>
  <file path="/Users/m.h@ibm.com/go/src/github.com/open-cluster-management/search-api/src/v2/lib/utils.test.js">
    <testCase name="Utils Test Utils isRequired Returns Error" duration="1"/>
  </file>
  <file path="/Users/m.h@ibm.com/go/src/github.com/open-cluster-management/search-api/src/v2/schema/index.test.js">
    <testCase name="Schema has valid type definitions" duration="26"/>
  </file>
  <file path="/Users/m.h@ibm.com/go/src/github.com/open-cluster-management/search-api/src/v2/connectors/kube.test.js">
    <testCase name="KubeConnector Get calls default connector" duration="216"/>
    <testCase name="KubeConnector Get calls httpLib with correct arguments" duration="201"/>
    <testCase name="KubeConnector Get correctly merges additional arguments" duration="201"/>
    <testCase name="KubeConnector Post calls httpLib with correct arguments" duration="204"/>
  </file>
  <file path="/Users/m.h@ibm.com/go/src/github.com/open-cluster-management/search-api/src/v2/schema/user-search.test.js">
    <testCase name="UserSearch Resolver Correctly Resolves Saved Search Query" duration="1"/>
    <testCase name="UserSearch Resolver Correctly Resolves Saved Search Query Edit" duration="0"/>
    <testCase name="UserSearch Resolver Correctly Resolves Saved Search Query Deletion" duration="0"/>
  </file>
  <file path="/Users/m.h@ibm.com/go/src/github.com/open-cluster-management/search-api/src/v2/schema/application.test.js">
    <testCase name="Application Resolver Correctly Resolves Application Query" duration="91"/>
    <testCase name="Application Resolver Correctly Resolves Single Application" duration="10"/>
    <testCase name="Application Resolver Ignores filters when only name or namespace is passed." duration="6"/>
    <testCase name="Global Application Resolver Correctly Resolves Global Application Data" duration="5"/>
  </file>
  <file path="/Users/m.h@ibm.com/go/src/github.com/open-cluster-management/search-api/src/v2/schema/search.test.js">
    <testCase name="Search Resolver Correctly Resolves Search Query" duration="107"/>
    <testCase name="Search Resolver Correctly Resolves Search Keyword Query" duration="10"/>
    <testCase name="Search Resolver Correctly Resolves Performant Search Query" duration="8"/>
    <testCase name="Search Resolver Correctly Resolves SearchSchema Query" duration="5"/>
    <testCase name="Search Resolver Correctly Resolves SearchComplete Query" duration="5"/>
    <testCase name="Search Resolver Correctly Resolves SearchComplete Query With Filters" duration="5"/>
    <testCase name="Search Resolver Correctly Resolves SearchComplete Query With No Params" duration="3"/>
  </file>
</testExecutions>